  Source.cpp
C:\Users\HONOR\Desktop\Творческие работы\Часть2_задача_Коммивояжера\Коми_вщсстановление\Source.cpp(426,23): warning C4018: <: несоответствие типов со знаком и без знака
C:\Users\HONOR\Desktop\Творческие работы\Часть2_задача_Коммивояжера\Коми_вщсстановление\Source.cpp(428,31): warning C4018: <: несоответствие типов со знаком и без знака
C:\Users\HONOR\Desktop\Творческие работы\Часть2_задача_Коммивояжера\Коми_вщсстановление\Source.cpp(559,23): warning C4018: <: несоответствие типов со знаком и без знака
C:\Users\HONOR\Desktop\Творческие работы\Часть2_задача_Коммивояжера\Коми_вщсстановление\Source.cpp(568,23): warning C4018: <: несоответствие типов со знаком и без знака
C:\Users\HONOR\Desktop\Творческие работы\Часть2_задача_Коммивояжера\Коми_вщсстановление\Source.cpp(688,23): warning C4018: <: несоответствие типов со знаком и без знака
C:\Users\HONOR\Desktop\Творческие работы\Часть2_задача_Коммивояжера\Коми_вщсстановление\Source.cpp(266,27): warning C4018: <: несоответствие типов со знаком и без знака
C:\Users\HONOR\Desktop\Творческие работы\Часть2_задача_Коммивояжера\Коми_вщсстановление\Source.cpp(262): message : во время компиляции функции-члена класс шаблон "void Graph<int>::Print(void)"
C:\Users\HONOR\Desktop\Творческие работы\Часть2_задача_Коммивояжера\Коми_вщсстановление\Source.cpp(817): message : выполняется компиляция ссылки на экземпляр шаблон функции "void Graph<int>::Print(void)"
C:\Users\HONOR\Desktop\Творческие работы\Часть2_задача_Коммивояжера\Коми_вщсстановление\Source.cpp(68): message : выполняется компиляция ссылки на экземпляр класс шаблон функции "Graph<int>"
C:\Users\HONOR\Desktop\Творческие работы\Часть2_задача_Коммивояжера\Коми_вщсстановление\Source.cpp(271,27): warning C4018: <: несоответствие типов со знаком и без знака
C:\Users\HONOR\Desktop\Творческие работы\Часть2_задача_Коммивояжера\Коми_вщсстановление\Source.cpp(273,31): warning C4018: <: несоответствие типов со знаком и без знака
C:\Users\HONOR\Desktop\Творческие работы\Часть2_задача_Коммивояжера\Коми_вщсстановление\Source.cpp(151,23): warning C4018: <: несоответствие типов со знаком и без знака
C:\Users\HONOR\Desktop\Творческие работы\Часть2_задача_Коммивояжера\Коми_вщсстановление\Source.cpp(149): message : во время компиляции функции-члена класс шаблон "int Graph<int>::get_vertex_index(const T &)"
          with
          [
              T=int
          ]
C:\Users\HONOR\Desktop\Творческие работы\Часть2_задача_Коммивояжера\Коми_вщсстановление\Source.cpp(188): message : выполняется компиляция ссылки на экземпляр шаблон функции "int Graph<int>::get_vertex_index(const T &)"
          with
          [
              T=int
          ]
C:\Users\HONOR\Desktop\Творческие работы\Часть2_задача_Коммивояжера\Коми_вщсстановление\Source.cpp(98): message : во время компиляции функции-члена класс шаблон "Graph<int>::Graph(const int &)"
C:\Users\HONOR\Desktop\Творческие работы\Часть2_задача_Коммивояжера\Коми_вщсстановление\Source.cpp(69): message : выполняется компиляция ссылки на экземпляр шаблон функции "Graph<int>::Graph(const int &)"
  LINK : не найден или не выполнена сборка C:\Users\HONOR\Desktop\Творческие работы\Часть2_задача_Коммивояжера\Коми_вщсстановление\Debug\Коми_вщсстановление.exe при последней инкрементной компоновке; выполняется полная компоновка
  Коми_вщсстановление.vcxproj -> C:\Users\HONOR\Desktop\Творческие работы\Часть2_задача_Коммивояжера\Коми_вщсстановление\Debug\Коми_вщсстановление.exe
