C:\Program Files (x86)\Microsoft Visual Studio\2019\Community\MSBuild\Microsoft\VC\v160\Microsoft.CppBuild.targets(513,5): warning MSB8028: промежуточный каталог (Debug\) содержит файлы, которые используются совместно с другим проектом (Коми_вщсстановление.vcxproj).  Это может привести к ошибкам очистки и перестроения.
  Kommivoyazhor.cpp
C:\Users\HONOR\Desktop\Семестр 2\Коми_вщсстановление\Kommivoyazhor.cpp(426,23): warning C4018: <: несоответствие типов со знаком и без знака
C:\Users\HONOR\Desktop\Семестр 2\Коми_вщсстановление\Kommivoyazhor.cpp(428,31): warning C4018: <: несоответствие типов со знаком и без знака
C:\Users\HONOR\Desktop\Семестр 2\Коми_вщсстановление\Kommivoyazhor.cpp(559,23): warning C4018: <: несоответствие типов со знаком и без знака
C:\Users\HONOR\Desktop\Семестр 2\Коми_вщсстановление\Kommivoyazhor.cpp(568,23): warning C4018: <: несоответствие типов со знаком и без знака
C:\Users\HONOR\Desktop\Семестр 2\Коми_вщсстановление\Kommivoyazhor.cpp(688,23): warning C4018: <: несоответствие типов со знаком и без знака
C:\Users\HONOR\Desktop\Семестр 2\Коми_вщсстановление\Kommivoyazhor.cpp(266,27): warning C4018: <: несоответствие типов со знаком и без знака
C:\Users\HONOR\Desktop\Семестр 2\Коми_вщсстановление\Kommivoyazhor.cpp(262): message : во время компиляции функции-члена класс шаблон "void Graph<int>::Print(void)"
C:\Users\HONOR\Desktop\Семестр 2\Коми_вщсстановление\Kommivoyazhor.cpp(817): message : выполняется компиляция ссылки на экземпляр шаблон функции "void Graph<int>::Print(void)"
C:\Users\HONOR\Desktop\Семестр 2\Коми_вщсстановление\Kommivoyazhor.cpp(68): message : выполняется компиляция ссылки на экземпляр класс шаблон функции "Graph<int>"
C:\Users\HONOR\Desktop\Семестр 2\Коми_вщсстановление\Kommivoyazhor.cpp(271,27): warning C4018: <: несоответствие типов со знаком и без знака
C:\Users\HONOR\Desktop\Семестр 2\Коми_вщсстановление\Kommivoyazhor.cpp(273,31): warning C4018: <: несоответствие типов со знаком и без знака
C:\Users\HONOR\Desktop\Семестр 2\Коми_вщсстановление\Kommivoyazhor.cpp(151,23): warning C4018: <: несоответствие типов со знаком и без знака
C:\Users\HONOR\Desktop\Семестр 2\Коми_вщсстановление\Kommivoyazhor.cpp(149): message : во время компиляции функции-члена класс шаблон "int Graph<int>::get_vertex_index(const T &)"
          with
          [
              T=int
          ]
C:\Users\HONOR\Desktop\Семестр 2\Коми_вщсстановление\Kommivoyazhor.cpp(188): message : выполняется компиляция ссылки на экземпляр шаблон функции "int Graph<int>::get_vertex_index(const T &)"
          with
          [
              T=int
          ]
C:\Users\HONOR\Desktop\Семестр 2\Коми_вщсстановление\Kommivoyazhor.cpp(98): message : во время компиляции функции-члена класс шаблон "Graph<int>::Graph(const int &)"
C:\Users\HONOR\Desktop\Семестр 2\Коми_вщсстановление\Kommivoyazhor.cpp(69): message : выполняется компиляция ссылки на экземпляр шаблон функции "Graph<int>::Graph(const int &)"
  Коми_вщсстановление.vcxproj -> C:\Users\HONOR\Desktop\Семестр 2\Коми_вщсстановление\Debug\Часть2_задача_Коммивояжера.exe
